make --dry-run --always-make --keep-going --print-directory
make: Entering directory `/home/test/myvscode/unpv13e/tcpcliserv'
gcc -I../lib -g -O2 -D_REENTRANT -Wall   -c -o tcpcli01.o tcpcli01.c
gcc -I../lib -g -O2 -D_REENTRANT -Wall -o tcpcli01 tcpcli01.o ../libunp.a -lpthread
gcc -I../lib -g -O2 -D_REENTRANT -Wall   -c -o tcpcli04.o tcpcli04.c
gcc -I../lib -g -O2 -D_REENTRANT -Wall -o tcpcli04 tcpcli04.o ../libunp.a -lpthread
gcc -I../lib -g -O2 -D_REENTRANT -Wall   -c -o tcpcli05.o tcpcli05.c
gcc -I../lib -g -O2 -D_REENTRANT -Wall -o tcpcli05 tcpcli05.o ../libunp.a -lpthread
gcc -I../lib -g -O2 -D_REENTRANT -Wall   -c -o tcpcli06.o tcpcli06.c
gcc -I../lib -g -O2 -D_REENTRANT -Wall -o tcpcli06 tcpcli06.o ../libunp.a -lpthread
gcc -I../lib -g -O2 -D_REENTRANT -Wall   -c -o tcpcli07.o tcpcli07.c
gcc -I../lib -g -O2 -D_REENTRANT -Wall -o tcpcli07 tcpcli07.o ../libunp.a -lpthread
gcc -I../lib -g -O2 -D_REENTRANT -Wall   -c -o tcpcli08.o tcpcli08.c
gcc -I../lib -g -O2 -D_REENTRANT -Wall   -c -o str_cli08.o str_cli08.c
gcc -I../lib -g -O2 -D_REENTRANT -Wall -o tcpcli08 tcpcli08.o str_cli08.o ../libunp.a -lpthread
gcc -I../lib -g -O2 -D_REENTRANT -Wall   -c -o tcpcli09.o tcpcli09.c
gcc -I../lib -g -O2 -D_REENTRANT -Wall   -c -o str_cli09.o str_cli09.c
gcc -I../lib -g -O2 -D_REENTRANT -Wall -o tcpcli09 tcpcli09.o str_cli09.o ../libunp.a -lpthread
gcc -I../lib -g -O2 -D_REENTRANT -Wall   -c -o tcpcli10.o tcpcli10.c
gcc -I../lib -g -O2 -D_REENTRANT -Wall -o tcpcli10 tcpcli10.o ../libunp.a -lpthread
gcc -I../lib -g -O2 -D_REENTRANT -Wall   -c -o tcpserv01.o tcpserv01.c
gcc -I../lib -g -O2 -D_REENTRANT -Wall -o tcpserv01 tcpserv01.o ../libunp.a -lpthread
gcc -I../lib -g -O2 -D_REENTRANT -Wall   -c -o tcpserv02.o tcpserv02.c
gcc -I../lib -g -O2 -D_REENTRANT -Wall   -c -o sigchldwait.o sigchldwait.c
gcc -I../lib -g -O2 -D_REENTRANT -Wall -o tcpserv02 tcpserv02.o sigchldwait.o ../libunp.a -lpthread
gcc -I../lib -g -O2 -D_REENTRANT -Wall   -c -o tcpserv03.o tcpserv03.c
gcc -I../lib -g -O2 -D_REENTRANT -Wall -o tcpserv03 tcpserv03.o sigchldwait.o ../libunp.a -lpthread
gcc -I../lib -g -O2 -D_REENTRANT -Wall   -c -o tcpserv04.o tcpserv04.c
gcc -I../lib -g -O2 -D_REENTRANT -Wall   -c -o sigchldwaitpid.o sigchldwaitpid.c
gcc -I../lib -g -O2 -D_REENTRANT -Wall -o tcpserv04 tcpserv04.o sigchldwaitpid.o ../libunp.a -lpthread
gcc -I../lib -g -O2 -D_REENTRANT -Wall   -c -o tcpserv08.o tcpserv08.c
gcc -I../lib -g -O2 -D_REENTRANT -Wall   -c -o str_echo08.o str_echo08.c
gcc -I../lib -g -O2 -D_REENTRANT -Wall -o tcpserv08 tcpserv08.o str_echo08.o sigchldwaitpid.o \
		../libunp.a -lpthread
gcc -I../lib -g -O2 -D_REENTRANT -Wall   -c -o tcpserv09.o tcpserv09.c
gcc -I../lib -g -O2 -D_REENTRANT -Wall   -c -o str_echo09.o str_echo09.c
gcc -I../lib -g -O2 -D_REENTRANT -Wall -o tcpserv09 tcpserv09.o str_echo09.o sigchldwaitpid.o \
		../libunp.a -lpthread
gcc -I../lib -g -O2 -D_REENTRANT -Wall   -c -o tcpservselect01.o tcpservselect01.c
gcc -I../lib -g -O2 -D_REENTRANT -Wall -o tcpservselect01 tcpservselect01.o ../libunp.a -lpthread
gcc -I../lib -g -O2 -D_REENTRANT -Wall   -c -o tcpservpoll01.o tcpservpoll01.c
gcc -I../lib -g -O2 -D_REENTRANT -Wall -o tcpservpoll01 tcpservpoll01.o ../libunp.a -lpthread
gcc -I../lib -g -O2 -D_REENTRANT -Wall   -c -o tsigpipe.o tsigpipe.c
gcc -I../lib -g -O2 -D_REENTRANT -Wall -o tsigpipe tsigpipe.o ../libunp.a -lpthread
make: Leaving directory `/home/test/myvscode/unpv13e/tcpcliserv'
 
